
24-12-17 21:18:26 [-] LockHandler on drakmardok(account 1): access type 'examine' changed from 'examine:perm(Admin)' to 'examine:perm(Admin)' 
LockHandler on drakmardok(account 1): access type 'edit' changed from 'edit:perm(Admin)' to 'edit:perm(Admin)' 
LockHandler on drakmardok(account 1): access type 'delete' changed from 'delete:perm(Admin)' to 'delete:perm(Admin)' 
LockHandler on drakmardok(account 1): access type 'boot' changed from 'boot:perm(Admin)' to 'boot:perm(Admin)' 
LockHandler on drakmardok(account 1): access type 'msg' changed from 'msg:all()' to 'msg:all()' 
LockHandler on drakmardok(account 1): access type 'noidletimeout' changed from 'noidletimeout:perm(Builder) or perm(noidletimeout)' to 'noidletimeout:perm(Builder) or perm(noidletimeout)'
24-12-17 21:18:26 [-] LockHandler on drakmardok(account 1): access type 'examine' changed from 'examine:perm(Admin)' to 'examine:perm(Developer)' 
LockHandler on drakmardok(account 1): access type 'edit' changed from 'edit:perm(Admin)' to 'edit:false()' 
LockHandler on drakmardok(account 1): access type 'delete' changed from 'delete:perm(Admin)' to 'delete:false()' 
LockHandler on drakmardok(account 1): access type 'boot' changed from 'boot:perm(Admin)' to 'boot:false()' 
LockHandler on drakmardok(account 1): access type 'msg' changed from 'msg:all()' to 'msg:all()'
24-12-17 21:18:26 [-] LockHandler on drakmardok: access type 'get' changed from 'get:all()' to 'get:false()' 
LockHandler on drakmardok: access type 'call' changed from 'call:true()' to 'call:false()' 
LockHandler on drakmardok: access type 'teleport' changed from 'teleport:true()' to 'teleport:perm(Admin)' 
LockHandler on drakmardok: access type 'teleport_here' changed from 'teleport_here:true()' to 'teleport_here:perm(Admin)'
24-12-17 21:18:26 [-] LockHandler on drakmardok: access type 'puppet' changed from 'puppet:pperm(Developer)' to 'puppet:pid(1) or id(drakmardok) or perm(Developer) or pperm(Developer)' 
LockHandler on drakmardok: access type 'delete' changed from 'delete:perm(Admin)' to 'delete:pid(1) or perm(Admin)' 
LockHandler on drakmardok: access type 'edit' changed from 'edit:perm(Admin)' to 'edit:pid(1) or perm(Admin)'
24-12-17 21:18:26 [-] LockHandler on drakmardok: access type 'puppet' changed from 'puppet:pid(1) or id(drakmardok) or perm(Developer) or pperm(Developer)' to 'puppet:id(1) or pid(1) or perm(Developer) or pperm(Developer)' 
LockHandler on drakmardok: access type 'delete' changed from 'delete:pid(1) or perm(Admin)' to 'delete:id(1) or perm(Admin)'
24-12-17 21:18:26 [-] LockHandler on drakmardok: access type 'examine' changed from 'examine:perm(Builder)' to 'examine:perm(Developer)' 
LockHandler on drakmardok: access type 'edit' changed from 'edit:pid(1) or perm(Admin)' to 'edit:false()' 
LockHandler on drakmardok: access type 'delete' changed from 'delete:id(1) or perm(Admin)' to 'delete:false()' 
LockHandler on drakmardok: access type 'puppet' changed from 'puppet:id(1) or pid(1) or perm(Developer) or pperm(Developer)' to 'puppet:false()'
24-12-17 21:18:26 [-] LockHandler on Limbo: access type 'get' changed from 'get:all()' to 'get:false()' 
LockHandler on Limbo: access type 'puppet' changed from 'puppet:pperm(Developer)' to 'puppet:false()' 
LockHandler on Limbo: access type 'teleport' changed from 'teleport:true()' to 'teleport:false()' 
LockHandler on Limbo: access type 'teleport_here' changed from 'teleport_here:true()' to 'teleport_here:true()'
24-12-17 21:18:26 [-] LockHandler on Channel 'MudInfo' (None): access type 'control' changed from 'control:perm(Admin)' to 'control:perm(Developer)' 
LockHandler on Channel 'MudInfo' (None): access type 'listen' changed from 'listen:all()' to 'listen:perm(Admin)' 
LockHandler on Channel 'MudInfo' (None): access type 'send' changed from 'send:all()' to 'send:false()'
24-12-17 21:18:26 [-] LockHandler on Channel 'Public' (None): access type 'control' changed from 'control:perm(Admin)' to 'control:perm(Admin)' 
LockHandler on Channel 'Public' (None): access type 'listen' changed from 'listen:all()' to 'listen:all()' 
LockHandler on Channel 'Public' (None): access type 'send' changed from 'send:all()' to 'send:all()'
24-12-17 21:18:53 [-] LockHandler on @tunnel: access type 'cmd' changed from 'cmd:all()' to 'cmd: perm(tunnel) or perm(Builder)'
24-12-17 21:18:57 [-] LockHandler on Some place: access type 'get' changed from 'get:all()' to 'get:false()' 
LockHandler on Some place: access type 'puppet' changed from 'puppet:pperm(Developer)' to 'puppet:false()' 
LockHandler on Some place: access type 'teleport' changed from 'teleport:true()' to 'teleport:false()' 
LockHandler on Some place: access type 'teleport_here' changed from 'teleport_here:true()' to 'teleport_here:true()'
24-12-17 21:18:57 [-] LockHandler on Some place: access type 'control' changed from 'control:perm(Developer)' to 'control:id(1) or perm(Admin)' 
LockHandler on Some place: access type 'delete' changed from 'delete:perm(Admin)' to 'delete:id(1) or perm(Admin)' 
LockHandler on Some place: access type 'edit' changed from 'edit:perm(Admin)' to 'edit:id(1) or perm(Admin)'
24-12-17 21:18:57 [-] LockHandler on south: access type 'puppet' changed from 'puppet:pperm(Developer)' to 'puppet:false()' 
LockHandler on south: access type 'get' changed from 'get:all()' to 'get:false()' 
LockHandler on south: access type 'teleport' changed from 'teleport:true()' to 'teleport:false()' 
LockHandler on south: access type 'teleport_here' changed from 'teleport_here:true()' to 'teleport_here:false()'
24-12-17 21:18:57 [-] LockHandler on south: access type 'control' changed from 'control:perm(Developer)' to 'control:id(1) or perm(Admin)' 
LockHandler on south: access type 'delete' changed from 'delete:perm(Admin)' to 'delete:id(1) or perm(Admin)' 
LockHandler on south: access type 'edit' changed from 'edit:perm(Admin)' to 'edit:id(1) or perm(Admin)'
24-12-17 21:18:57 [-] LockHandler on north: access type 'puppet' changed from 'puppet:pperm(Developer)' to 'puppet:false()' 
LockHandler on north: access type 'get' changed from 'get:all()' to 'get:false()' 
LockHandler on north: access type 'teleport' changed from 'teleport:true()' to 'teleport:false()' 
LockHandler on north: access type 'teleport_here' changed from 'teleport_here:true()' to 'teleport_here:false()'
24-12-17 21:18:57 [-] LockHandler on north: access type 'control' changed from 'control:perm(Developer)' to 'control:id(1) or perm(Admin)' 
LockHandler on north: access type 'delete' changed from 'delete:perm(Admin)' to 'delete:id(1) or perm(Admin)' 
LockHandler on north: access type 'edit' changed from 'edit:perm(Admin)' to 'edit:id(1) or perm(Admin)'
24-12-17 21:19:02 [-] LockHandler on @lock: access type 'cmd' changed from 'cmd:all()' to 'cmd: perm(locks) or perm(Builder)'
24-12-17 21:19:02 [-] LockHandler on @tasks: access type 'cmd' changed from 'cmd:all()' to 'cmd:perm(Developer)'
24-12-17 21:21:14 [-] LockHandler on @tasks: access type 'cmd' changed from 'cmd:all()' to 'cmd:perm(Developer)'
24-12-17 21:21:14 [-] LockHandler on @lock: access type 'cmd' changed from 'cmd:all()' to 'cmd: perm(locks) or perm(Builder)'
24-12-17 21:21:14 [-] LockHandler on @tunnel: access type 'cmd' changed from 'cmd:all()' to 'cmd: perm(tunnel) or perm(Builder)'
24-12-17 21:28:51 [-] LockHandler on @tasks: access type 'cmd' changed from 'cmd:all()' to 'cmd:perm(Developer)'
24-12-17 21:28:51 [-] LockHandler on @lock: access type 'cmd' changed from 'cmd:all()' to 'cmd: perm(locks) or perm(Builder)'
24-12-17 21:28:51 [-] LockHandler on @tunnel: access type 'cmd' changed from 'cmd:all()' to 'cmd: perm(tunnel) or perm(Builder)'
24-12-17 21:36:49 [-] LockHandler on @tunnel: access type 'cmd' changed from 'cmd:all()' to 'cmd: perm(tunnel) or perm(Builder)'
24-12-17 21:36:49 [-] LockHandler on @tasks: access type 'cmd' changed from 'cmd:all()' to 'cmd:perm(Developer)'
24-12-17 21:36:49 [-] LockHandler on @lock: access type 'cmd' changed from 'cmd:all()' to 'cmd: perm(locks) or perm(Builder)'
24-12-17 21:45:18 [-] LockHandler on @tunnel: access type 'cmd' changed from 'cmd:all()' to 'cmd: perm(tunnel) or perm(Builder)'
24-12-17 21:45:18 [-] LockHandler on @lock: access type 'cmd' changed from 'cmd:all()' to 'cmd: perm(locks) or perm(Builder)'
24-12-17 21:45:18 [-] LockHandler on @tasks: access type 'cmd' changed from 'cmd:all()' to 'cmd:perm(Developer)'
24-12-17 21:49:12 [-] LockHandler on @tasks: access type 'cmd' changed from 'cmd:all()' to 'cmd:perm(Developer)'
24-12-17 21:49:12 [-] LockHandler on @tunnel: access type 'cmd' changed from 'cmd:all()' to 'cmd: perm(tunnel) or perm(Builder)'
24-12-17 21:49:12 [-] LockHandler on @lock: access type 'cmd' changed from 'cmd:all()' to 'cmd: perm(locks) or perm(Builder)'
24-12-17 22:06:04 [-] LockHandler on @lock: access type 'cmd' changed from 'cmd:all()' to 'cmd: perm(locks) or perm(Builder)'
24-12-17 22:06:04 [-] LockHandler on @tunnel: access type 'cmd' changed from 'cmd:all()' to 'cmd: perm(tunnel) or perm(Builder)'
24-12-17 22:06:04 [-] LockHandler on @tasks: access type 'cmd' changed from 'cmd:all()' to 'cmd:perm(Developer)'
24-12-17 22:07:26 [-] LockHandler on @tasks: access type 'cmd' changed from 'cmd:all()' to 'cmd:perm(Developer)'
24-12-17 22:07:26 [-] LockHandler on @lock: access type 'cmd' changed from 'cmd:all()' to 'cmd: perm(locks) or perm(Builder)'
24-12-17 22:07:26 [-] LockHandler on @tunnel: access type 'cmd' changed from 'cmd:all()' to 'cmd: perm(tunnel) or perm(Builder)'
24-12-17 22:09:49 [-] LockHandler on @tasks: access type 'cmd' changed from 'cmd:all()' to 'cmd:perm(Developer)'
24-12-17 22:09:49 [-] LockHandler on @lock: access type 'cmd' changed from 'cmd:all()' to 'cmd: perm(locks) or perm(Builder)'
24-12-17 22:09:49 [-] LockHandler on @tunnel: access type 'cmd' changed from 'cmd:all()' to 'cmd: perm(tunnel) or perm(Builder)'
24-12-17 22:15:23 [-] LockHandler on @lock: access type 'cmd' changed from 'cmd:all()' to 'cmd: perm(locks) or perm(Builder)'
24-12-17 22:15:23 [-] LockHandler on @tasks: access type 'cmd' changed from 'cmd:all()' to 'cmd:perm(Developer)'
24-12-17 22:15:23 [-] LockHandler on @tunnel: access type 'cmd' changed from 'cmd:all()' to 'cmd: perm(tunnel) or perm(Builder)'
24-12-17 22:23:24 [-] LockHandler on @tasks: access type 'cmd' changed from 'cmd:all()' to 'cmd:perm(Developer)'
24-12-17 22:23:24 [-] LockHandler on @lock: access type 'cmd' changed from 'cmd:all()' to 'cmd: perm(locks) or perm(Builder)'
24-12-17 22:23:24 [-] LockHandler on @tunnel: access type 'cmd' changed from 'cmd:all()' to 'cmd: perm(tunnel) or perm(Builder)'
24-12-17 22:37:09 [-] LockHandler on @tunnel: access type 'cmd' changed from 'cmd:all()' to 'cmd: perm(tunnel) or perm(Builder)'
24-12-17 22:37:09 [-] LockHandler on @lock: access type 'cmd' changed from 'cmd:all()' to 'cmd: perm(locks) or perm(Builder)'
24-12-17 22:37:09 [-] LockHandler on @tasks: access type 'cmd' changed from 'cmd:all()' to 'cmd:perm(Developer)'
24-12-17 22:43:57 [-] LockHandler on @lock: access type 'cmd' changed from 'cmd:all()' to 'cmd: perm(locks) or perm(Builder)'
24-12-17 22:43:57 [-] LockHandler on @tasks: access type 'cmd' changed from 'cmd:all()' to 'cmd:perm(Developer)'
24-12-17 22:43:57 [-] LockHandler on @tunnel: access type 'cmd' changed from 'cmd:all()' to 'cmd: perm(tunnel) or perm(Builder)'
24-12-17 22:55:10 [-] LockHandler on @tunnel: access type 'cmd' changed from 'cmd:all()' to 'cmd: perm(tunnel) or perm(Builder)'
24-12-17 22:55:10 [-] LockHandler on @tasks: access type 'cmd' changed from 'cmd:all()' to 'cmd:perm(Developer)'
24-12-17 22:55:10 [-] LockHandler on @lock: access type 'cmd' changed from 'cmd:all()' to 'cmd: perm(locks) or perm(Builder)'
24-12-18 01:35:30 [-] LockHandler on @tunnel: access type 'cmd' changed from 'cmd:all()' to 'cmd: perm(tunnel) or perm(Builder)'
24-12-18 01:35:30 [-] LockHandler on @lock: access type 'cmd' changed from 'cmd:all()' to 'cmd: perm(locks) or perm(Builder)'
24-12-18 01:35:30 [-] LockHandler on @tasks: access type 'cmd' changed from 'cmd:all()' to 'cmd:perm(Developer)'
24-12-18 01:40:17 [-] LockHandler on @tasks: access type 'cmd' changed from 'cmd:all()' to 'cmd:perm(Developer)'
24-12-18 01:40:17 [-] LockHandler on @tunnel: access type 'cmd' changed from 'cmd:all()' to 'cmd: perm(tunnel) or perm(Builder)'
24-12-18 01:40:17 [-] LockHandler on @lock: access type 'cmd' changed from 'cmd:all()' to 'cmd: perm(locks) or perm(Builder)'
24-12-18 04:54:29 [-] LockHandler on @lock: access type 'cmd' changed from 'cmd:all()' to 'cmd: perm(locks) or perm(Builder)'
24-12-18 04:54:29 [-] LockHandler on @tasks: access type 'cmd' changed from 'cmd:all()' to 'cmd:perm(Developer)'
24-12-18 04:54:29 [-] LockHandler on @tunnel: access type 'cmd' changed from 'cmd:all()' to 'cmd: perm(tunnel) or perm(Builder)'
24-12-18 04:57:13 [-] LockHandler on @tunnel: access type 'cmd' changed from 'cmd:all()' to 'cmd: perm(tunnel) or perm(Builder)'
24-12-18 04:57:13 [-] LockHandler on @tasks: access type 'cmd' changed from 'cmd:all()' to 'cmd:perm(Developer)'
24-12-18 04:57:13 [-] LockHandler on @lock: access type 'cmd' changed from 'cmd:all()' to 'cmd: perm(locks) or perm(Builder)'
24-12-18 05:05:37 [-] LockHandler on @tunnel: access type 'cmd' changed from 'cmd:all()' to 'cmd: perm(tunnel) or perm(Builder)'
24-12-18 05:05:37 [-] LockHandler on @tasks: access type 'cmd' changed from 'cmd:all()' to 'cmd:perm(Developer)'
24-12-18 05:05:37 [-] LockHandler on @lock: access type 'cmd' changed from 'cmd:all()' to 'cmd: perm(locks) or perm(Builder)'
24-12-18 05:06:17 [-] LockHandler on @tunnel: access type 'cmd' changed from 'cmd:all()' to 'cmd: perm(tunnel) or perm(Builder)'
24-12-18 05:06:17 [-] LockHandler on @tasks: access type 'cmd' changed from 'cmd:all()' to 'cmd:perm(Developer)'
24-12-18 05:06:17 [-] LockHandler on @lock: access type 'cmd' changed from 'cmd:all()' to 'cmd: perm(locks) or perm(Builder)'
24-12-18 05:08:17 [-] LockHandler on @tasks: access type 'cmd' changed from 'cmd:all()' to 'cmd:perm(Developer)'
24-12-18 05:08:17 [-] LockHandler on @lock: access type 'cmd' changed from 'cmd:all()' to 'cmd: perm(locks) or perm(Builder)'
24-12-18 05:08:17 [-] LockHandler on @tunnel: access type 'cmd' changed from 'cmd:all()' to 'cmd: perm(tunnel) or perm(Builder)'
24-12-18 05:10:18 [-] LockHandler on @tunnel: access type 'cmd' changed from 'cmd:all()' to 'cmd: perm(tunnel) or perm(Builder)'
24-12-18 05:10:18 [-] LockHandler on @lock: access type 'cmd' changed from 'cmd:all()' to 'cmd: perm(locks) or perm(Builder)'
24-12-18 05:10:18 [-] LockHandler on @tasks: access type 'cmd' changed from 'cmd:all()' to 'cmd:perm(Developer)'
24-12-18 05:48:33 [-] LockHandler on @lock: access type 'cmd' changed from 'cmd:all()' to 'cmd: perm(locks) or perm(Builder)'
24-12-18 05:48:33 [-] LockHandler on @tunnel: access type 'cmd' changed from 'cmd:all()' to 'cmd: perm(tunnel) or perm(Builder)'
24-12-18 05:48:33 [-] LockHandler on @tasks: access type 'cmd' changed from 'cmd:all()' to 'cmd:perm(Developer)'
24-12-18 05:55:10 [-] LockHandler on @lock: access type 'cmd' changed from 'cmd:all()' to 'cmd: perm(locks) or perm(Builder)'
24-12-18 05:55:10 [-] LockHandler on @tunnel: access type 'cmd' changed from 'cmd:all()' to 'cmd: perm(tunnel) or perm(Builder)'
24-12-18 05:55:10 [-] LockHandler on @tasks: access type 'cmd' changed from 'cmd:all()' to 'cmd:perm(Developer)'
24-12-19 03:34:26 [-] LockHandler on @lock: access type 'cmd' changed from 'cmd:all()' to 'cmd: perm(locks) or perm(Builder)'
24-12-19 03:34:26 [-] LockHandler on @tasks: access type 'cmd' changed from 'cmd:all()' to 'cmd:perm(Developer)'
24-12-19 03:34:26 [-] LockHandler on @tunnel: access type 'cmd' changed from 'cmd:all()' to 'cmd: perm(tunnel) or perm(Builder)'