|Portal| 2024-12-17 21:18:25 [..] Loaded.
|Portal| 2024-12-17 21:18:24 [..] Loading /home/tony/mainmud/env/lib/python3.12/site-packages/evennia/server/portal/portal.py...
|Portal| 2024-12-17 21:18:25 [..] Loaded.
|Portal| 2024-12-17 21:18:25 [..] twistd 23.10.0 (/home/tony/mainmud/env/bin/python3 3.12.3) starting up.
|Portal| 2024-12-17 21:18:25 [..] reactor class: twisted.internet.epollreactor.EPollReactor.
|Portal| 2024-12-17 21:18:25 [..] AMP starting on 4006
|Portal| 2024-12-17 21:18:25 [..] Telnet starting on 4000
|Portal| 2024-12-17 21:18:25 [..] Websocket starting on 4002
|Portal| 2024-12-17 21:18:25 [..] Webserver-proxy starting on 4001
|Portal| 2024-12-17 21:18:25 [..] Portal starting server ... 
|Portal| 2024-12-17 21:18:27 [..] Portal starting server ... 
|Portal| 2024-12-17 21:20:43 [..] Portal starting server ... 
|Portal| 2024-12-17 21:22:52 [..] Portal starting server ... 
|Portal| 2024-12-17 21:28:34 [..] Portal starting server ... 
|Portal| 2024-12-17 21:36:30 [..] Portal starting server ... 
|Portal| 2024-12-17 21:41:22 [..] Portal starting server ... 
|Portal| 2024-12-17 21:45:02 [..] Portal starting server ... 
|Portal| 2024-12-17 21:48:56 [..] Portal starting server ... 
|Portal| 2024-12-17 22:05:46 [..] Portal starting server ... 
|Portal| 2024-12-17 22:06:54 [..] Portal starting server ... 
|Portal| 2024-12-17 22:09:17 [..] Portal starting server ... 
|Portal| 2024-12-17 22:14:59 [..] Portal starting server ... 
|Portal| 2024-12-17 22:23:11 [..] Portal starting server ... 
|Portal| 2024-12-17 22:36:55 [..] Portal starting server ... 
|Portal| 2024-12-17 22:40:31 [..] Portal starting server ... 
|Portal| 2024-12-17 22:54:18 [..] Portal starting server ... 
|Portal| 2024-12-17 23:00:44 [..] Portal starting server ... 
|Portal| 2024-12-17 23:02:42 [..] Portal starting server ... 
|Portal| 2024-12-17 23:03:48 [..] Portal starting server ... 
|Portal| 2024-12-17 23:57:32 [..] Portal starting server ... 
|Portal| 2024-12-18 00:02:52 [..] Portal starting server ... 
|Portal| 2024-12-18 00:30:20 [..] (TCP Port 4001 Closed)
|Portal| 2024-12-18 00:30:20 [..] (TCP Port 4002 Closed)
|Portal| 2024-12-18 00:30:20 [..] (TCP Port 4000 Closed)
|Portal| 2024-12-18 00:30:20 [..] (TCP Port 4006 Closed)
|Portal| 2024-12-18 00:30:20 [..] Main loop terminated.
|Portal| 2024-12-18 00:30:20 [..] Server Shut Down.
|Portal| 2024-12-18 00:30:47 [..] Loaded.
|Portal| 2024-12-18 00:30:46 [..] Loading /home/tony/mainmud/env/lib/python3.12/site-packages/evennia/server/portal/portal.py...
|Portal| 2024-12-18 00:30:47 [..] Loaded.
|Portal| 2024-12-18 00:30:47 [..] twistd 23.10.0 (/home/tony/mainmud/env/bin/python3 3.12.3) starting up.
|Portal| 2024-12-18 00:30:47 [..] reactor class: twisted.internet.epollreactor.EPollReactor.
|Portal| 2024-12-18 00:30:47 [..] AMP starting on 4006
|Portal| 2024-12-18 00:30:47 [..] Telnet starting on 4000
|Portal| 2024-12-18 00:30:47 [..] Websocket starting on 4002
|Portal| 2024-12-18 00:30:47 [..] Webserver-proxy starting on 4001
|Portal| 2024-12-18 00:30:47 [..] Portal starting server ... 
|Portal| 2024-12-18 00:35:55 [..] Portal starting server ... 
|Portal| 2024-12-18 00:53:21 [..] Portal starting server ... 
|Portal| 2024-12-18 00:59:20 [..] Portal starting server ... 
|Portal| 2024-12-18 01:04:37 [..] Portal starting server ... 
|Portal| 2024-12-18 01:33:36 [..] Portal starting server ... 
|Portal| 2024-12-18 01:34:48 [..] Portal starting server ... 
|Portal| 2024-12-18 01:40:01 [..] Portal starting server ... 
|Portal| 2024-12-18 01:43:10 [..] Portal starting server ... 
